2025-10-06 16:37:26 | [INFO] Iniciando o sistema concorrente (Etapa Final - Servidor)...
2025-10-06 16:37:26 | [INFO] Credenciais de 20 usuario(s) carregadas.
2025-10-06 16:37:26 | [INFO] Socket do servidor criado com sucesso.
2025-10-06 16:37:26 | [INFO] Bind realizado com sucesso na porta 8080
2025-10-06 16:37:26 | [INFO] Servidor escutando por conexoes na porta 8080
2025-10-06 16:37:41 | [CONN] Nova conexao de 127.0.0.1, Socket: 5
2025-10-06 16:37:45 | [CONN] Nova conexao de 127.0.0.1, Socket: 6
2025-10-06 16:38:11 | [REGISTER] Usuario 'lucas' registrado com sucesso.
2025-10-06 16:38:36 | [REGISTER] Usuario 'laisa' registrado com sucesso.
2025-10-06 16:38:43 | [AUTH] Usuario 'laisa' autenticado com sucesso.
2025-10-06 16:38:58 | [DATA] Mensagem de 'laisa': "AUTH laisa 1612"
2025-10-06 16:39:15 | [AUTH] Usuario 'lucas' autenticado com sucesso.
2025-10-06 16:39:28 | [CONN] Usuario 'laisa' desconectou.
2025-10-06 16:39:33 | [CONN] Nova conexao de 127.0.0.1, Socket: 7
2025-10-06 16:39:39 | [AUTH] Usuario 'laisa' autenticado com sucesso.
2025-10-06 16:39:46 | [DATA] Mensagem de 'laisa': "oi"
2025-10-06 16:40:34 | [PRIV] 'lucas' tentou enviar msg para usuario offline 'se'.
2025-10-06 16:40:52 | [PRIV] 'lucas' enviou msg para 'laisa'.
2025-10-06 16:41:06 | [CONN] Usuario 'laisa' desconectou.
2025-10-06 16:41:13 | [CONN] Usuario 'lucas' desconectou.
2025-10-06 16:41:16 | [WARNING] Servidor sinalizado para parar...
